<?xml version="1.0" encoding="UTF-8"?>
<!-- Generated by org.testng.reporters.JUnitXMLReporter -->
<testsuite hostname="DESKTOP-APKP2PU" ignored="0" name="Test" tests="4" failures="4" timestamp="31 May 2020 18:44:26 GMT" time="0.662" errors="0">
  <testcase name="feature" time="0.351" classname="com.demotest.testRunner.TestRunner">
    <failure type="java.io.FileNotFoundException" message="C:\Users\Chandan Ghosh\eclipse-workspace\CucumberLearning\src\test\resources\Config\${env}.properties (The system cannot find the file specified)">
      <![CDATA[java.io.FileNotFoundException: C:\Users\Chandan Ghosh\eclipse-workspace\CucumberLearning\src\test\resources\Config\${env}.properties (The system cannot find the file specified)
at java.io.FileInputStream.open0(Native Method)
at java.io.FileInputStream.open(FileInputStream.java:195)
at java.io.FileInputStream.<init>(FileInputStream.java:138)
at java.io.FileInputStream.<init>(FileInputStream.java:93)
at com.testdemo.Utils.PropertiesFileReader.ConfigFileReader(PropertiesFileReader.java:15)
at com.testdemo.stepdefinition.LoginSteps.user_open_the_browser_and_entered_the_URL(LoginSteps.java:36)
at ✽.User open the browser and entered the URL(src/test/resources/Features/e2eshopping.feature:6)
]]>
    </failure>
  </testcase> <!-- feature -->
  <testcase name="feature" time="0.008" classname="com.demotest.testRunner.TestRunner">
    <failure type="java.io.FileNotFoundException" message="C:\Users\Chandan Ghosh\eclipse-workspace\CucumberLearning\src\test\resources\Config\${env}.properties (The system cannot find the file specified)">
      <![CDATA[java.io.FileNotFoundException: C:\Users\Chandan Ghosh\eclipse-workspace\CucumberLearning\src\test\resources\Config\${env}.properties (The system cannot find the file specified)
at java.io.FileInputStream.open0(Native Method)
at java.io.FileInputStream.open(FileInputStream.java:195)
at java.io.FileInputStream.<init>(FileInputStream.java:138)
at java.io.FileInputStream.<init>(FileInputStream.java:93)
at com.testdemo.Utils.PropertiesFileReader.ConfigFileReader(PropertiesFileReader.java:15)
at com.testdemo.stepdefinition.LoginSteps.user_open_the_browser_and_entered_the_URL(LoginSteps.java:36)
at ✽.User open the browser and entered the URL(src/test/resources/Features/login.feature:6)
]]>
    </failure>
  </testcase> <!-- feature -->
  <testcase name="feature" time="0.007" classname="com.demotest.testRunner.TestRunner">
    <failure type="java.io.FileNotFoundException" message="C:\Users\Chandan Ghosh\eclipse-workspace\CucumberLearning\src\test\resources\Config\${env}.properties (The system cannot find the file specified)">
      <![CDATA[java.io.FileNotFoundException: C:\Users\Chandan Ghosh\eclipse-workspace\CucumberLearning\src\test\resources\Config\${env}.properties (The system cannot find the file specified)
at java.io.FileInputStream.open0(Native Method)
at java.io.FileInputStream.open(FileInputStream.java:195)
at java.io.FileInputStream.<init>(FileInputStream.java:138)
at java.io.FileInputStream.<init>(FileInputStream.java:93)
at com.testdemo.Utils.PropertiesFileReader.ConfigFileReader(PropertiesFileReader.java:15)
at com.testdemo.stepdefinition.LoginSteps.user_open_the_browser_and_entered_the_URL(LoginSteps.java:36)
at ✽.User open the browser and entered the URL(src/test/resources/Features/login.feature:16)
]]>
    </failure>
  </testcase> <!-- feature -->
  <testcase name="feature" time="0.008" classname="com.demotest.testRunner.TestRunner">
    <failure type="java.io.FileNotFoundException" message="C:\Users\Chandan Ghosh\eclipse-workspace\CucumberLearning\src\test\resources\Config\${env}.properties (The system cannot find the file specified)">
      <![CDATA[java.io.FileNotFoundException: C:\Users\Chandan Ghosh\eclipse-workspace\CucumberLearning\src\test\resources\Config\${env}.properties (The system cannot find the file specified)
at java.io.FileInputStream.open0(Native Method)
at java.io.FileInputStream.open(FileInputStream.java:195)
at java.io.FileInputStream.<init>(FileInputStream.java:138)
at java.io.FileInputStream.<init>(FileInputStream.java:93)
at com.testdemo.Utils.PropertiesFileReader.ConfigFileReader(PropertiesFileReader.java:15)
at com.testdemo.stepdefinition.LoginSteps.user_open_the_browser_and_entered_the_URL(LoginSteps.java:36)
at ✽.User open the browser and entered the URL(src/test/resources/Features/registration.feature:6)
]]>
    </failure>
  </testcase> <!-- feature -->
</testsuite> <!-- Test -->
