<?xml version="1.0" encoding="UTF-8"?>
<testng-results skipped="0" failed="1" ignored="0" total="1" passed="0">
  <reporter-output>
  </reporter-output>
  <suite name="Suite" duration-ms="17826" started-at="2020-06-07T17:52:42Z" finished-at="2020-06-07T17:53:00Z">
    <groups>
    </groups>
    <test name="Test" duration-ms="17826" started-at="2020-06-07T17:52:42Z" finished-at="2020-06-07T17:53:00Z">
      <class name="com.demotest.testRunner.TestRunner">
        <test-method status="PASS" signature="setUpClass()[pri:0, instance:com.demotest.testRunner.TestRunner@174d20a]" name="setUpClass" is-config="true" duration-ms="122" started-at="2020-06-07T17:52:42Z" finished-at="2020-06-07T17:52:42Z">
          <reporter-output>
          </reporter-output>
        </test-method> <!-- setUpClass -->
        <test-method status="PASS" signature="setUpClass(java.lang.String, java.lang.String, java.lang.String)[pri:0, instance:com.demotest.testRunner.TestRunner@174d20a]" name="setUpClass" is-config="true" duration-ms="16" started-at="2020-06-07T17:52:42Z" finished-at="2020-06-07T17:52:42Z">
          <params>
            <param index="0">
              <value>
                <![CDATA[chrome]]>
              </value>
            </param>
            <param index="1">
              <value>
                <![CDATA[76]]>
              </value>
            </param>
            <param index="2">
              <value>
                <![CDATA[Windows 10]]>
              </value>
            </param>
          </params>
          <reporter-output>
          </reporter-output>
        </test-method> <!-- setUpClass -->
        <test-method status="FAIL" signature="feature(cucumber.api.testng.PickleEventWrapper, cucumber.api.testng.CucumberFeatureWrapper)[pri:0, instance:com.demotest.testRunner.TestRunner@174d20a]" name="feature" duration-ms="17605" started-at="2020-06-07T17:52:42Z" data-provider="features" finished-at="2020-06-07T17:53:00Z">
          <params>
            <param index="0">
              <value>
                <![CDATA["User purchase a book from the ecommerce site"]]>
              </value>
            </param>
            <param index="1">
              <value>
                <![CDATA["End to End shopping of a product"]]>
              </value>
            </param>
          </params>
          <exception class="cucumber.runtime.CucumberException">
            <message>
              <![CDATA[Step [user fills the billing details and places the order] is defined with 0 parameters at 'com.testdemo.stepdefinition.EndToEndShoppingSteps.user_fills_the_billing_details_and_places_the_order() in file:/C:/Users/Chandan%20Ghosh/eclipse-workspace/CucumberLearning/target/classes/'.
However, the gherkin step has 1 arguments:
 * Table:
      | First Name | LAST NAME | COMPANY | STREET   | TOWN  | POSTCODE |
      | Chandan    | Ghosh     | TTN     | SARFABAD | NOIDA | 201301   |

Step text: user fills the billing details and places the order]]>
            </message>
            <full-stacktrace>
              <![CDATA[cucumber.runtime.CucumberException: Step [user fills the billing details and places the order] is defined with 0 parameters at 'com.testdemo.stepdefinition.EndToEndShoppingSteps.user_fills_the_billing_details_and_places_the_order() in file:/C:/Users/Chandan%20Ghosh/eclipse-workspace/CucumberLearning/target/classes/'.
However, the gherkin step has 1 arguments:
 * Table:
      | First Name | LAST NAME | COMPANY | STREET   | TOWN  | POSTCODE |
      | Chandan    | Ghosh     | TTN     | SARFABAD | NOIDA | 201301   |

Step text: user fills the billing details and places the order
at cucumber.runner.PickleStepDefinitionMatch.arityMismatch(PickleStepDefinitionMatch.java:84)
at cucumber.runner.PickleStepDefinitionMatch.runStep(PickleStepDefinitionMatch.java:36)
at cucumber.runner.TestStep.executeStep(TestStep.java:63)
at cucumber.runner.TestStep.run(TestStep.java:49)
at cucumber.runner.PickleStepTestStep.run(PickleStepTestStep.java:43)
at cucumber.runner.TestCase.run(TestCase.java:44)
at cucumber.runner.Runner.runPickle(Runner.java:40)
at cucumber.api.testng.TestNGCucumberRunner.runScenario(TestNGCucumberRunner.java:68)
at com.demotest.testRunner.TestRunner.feature(TestRunner.java:64)
at sun.reflect.NativeMethodAccessorImpl.invoke0(Native Method)
at sun.reflect.NativeMethodAccessorImpl.invoke(NativeMethodAccessorImpl.java:62)
at sun.reflect.DelegatingMethodAccessorImpl.invoke(DelegatingMethodAccessorImpl.java:43)
at java.lang.reflect.Method.invoke(Method.java:497)
at org.testng.internal.MethodInvocationHelper.invokeMethod(MethodInvocationHelper.java:124)
at org.testng.internal.Invoker.invokeMethod(Invoker.java:583)
at org.testng.internal.Invoker.invokeTestMethod(Invoker.java:719)
at org.testng.internal.Invoker.invokeTestMethods(Invoker.java:989)
at org.testng.internal.TestMethodWorker.invokeTestMethods(TestMethodWorker.java:125)
at org.testng.internal.TestMethodWorker.run(TestMethodWorker.java:109)
at org.testng.TestRunner.privateRun(TestRunner.java:648)
at org.testng.TestRunner.run(TestRunner.java:505)
at org.testng.SuiteRunner.runTest(SuiteRunner.java:455)
at org.testng.SuiteRunner.runSequentially(SuiteRunner.java:450)
at org.testng.SuiteRunner.privateRun(SuiteRunner.java:415)
at org.testng.SuiteRunner.run(SuiteRunner.java:364)
at org.testng.SuiteRunnerWorker.runSuite(SuiteRunnerWorker.java:52)
at org.testng.SuiteRunnerWorker.run(SuiteRunnerWorker.java:84)
at org.testng.TestNG.runSuitesSequentially(TestNG.java:1208)
at org.testng.TestNG.runSuitesLocally(TestNG.java:1137)
at org.testng.TestNG.runSuites(TestNG.java:1049)
at org.testng.TestNG.run(TestNG.java:1017)
at org.apache.maven.surefire.testng.TestNGExecutor.run(TestNGExecutor.java:281)
at org.apache.maven.surefire.testng.TestNGXmlTestSuite.execute(TestNGXmlTestSuite.java:75)
at org.apache.maven.surefire.testng.TestNGProvider.invoke(TestNGProvider.java:121)
at org.apache.maven.surefire.booter.ForkedBooter.invokeProviderInSameClassLoader(ForkedBooter.java:290)
at org.apache.maven.surefire.booter.ForkedBooter.runSuitesInProcess(ForkedBooter.java:242)
at org.apache.maven.surefire.booter.ForkedBooter.main(ForkedBooter.java:121)
]]>
            </full-stacktrace>
          </exception> <!-- cucumber.runtime.CucumberException -->
          <reporter-output>
          </reporter-output>
        </test-method> <!-- feature -->
        <test-method status="PASS" signature="tearDownClass()[pri:0, instance:com.demotest.testRunner.TestRunner@174d20a]" name="tearDownClass" is-config="true" duration-ms="9" started-at="2020-06-07T17:53:00Z" finished-at="2020-06-07T17:53:00Z">
          <reporter-output>
          </reporter-output>
        </test-method> <!-- tearDownClass -->
      </class> <!-- com.demotest.testRunner.TestRunner -->
    </test> <!-- Test -->
  </suite> <!-- Suite -->
</testng-results>
